<?xml version="1.0" encoding="UTF-8"?>
<!-- Generated by org.testng.reporters.JUnitXMLReporter -->
<testsuite hostname="MeghShiv" ignored="0" name="project-1-com-ultimateqa-w15-pom-palakd" tests="2" failures="0" timestamp="2022-12-12T15:19:28 GMT" time="13.847" errors="0">
  <testcase name="userShouldNavigateToLoginPageSuccessfully" time="1.081" classname="com.ultimateqa.testsuite.LoginPageTest"/>
  <testcase name="verifyTheErrorMessage" time="2.24" classname="com.ultimateqa.testsuite.LoginPageTest"/>
</testsuite> <!-- project-1-com-ultimateqa-w15-pom-palakd -->
