<?xml version="1.0" encoding="UTF-8"?>
<!-- Generated by org.testng.reporters.JUnitXMLReporter -->
<testsuite hostname="MeghShiv" ignored="1" name="Sanity Test" tests="1" failures="0" timestamp="2022-12-12T20:08:55 GMT" time="14.202" errors="0">
  <testcase name="userShouldNavigateToLoginPageSuccessfully" time="2.064" classname="com.ultimateqa.testsuite.LoginPageTest"/>
  <testcase name="verifyTheErrorMessage" time="0.0" classname="com.ultimateqa.testsuite.LoginPageTest">
    <ignored/>
  </testcase> <!-- verifyTheErrorMessage -->
</testsuite> <!-- Sanity Test -->
