<?xml version="1.0" encoding="UTF-8"?>
<!-- Generated by org.testng.reporters.JUnitXMLReporter -->
<testsuite hostname="MeghShiv" ignored="0" name="Regression Test" tests="2" failures="0" timestamp="2022-12-12T15:28:16 GMT" time="13.246" errors="0">
  <testcase name="userShouldNavigateToLoginPageSuccessfully" time="1.011" classname="com.ultimateqa.testsuite.LoginPageTest"/>
  <testcase name="verifyTheErrorMessage" time="2.238" classname="com.ultimateqa.testsuite.LoginPageTest"/>
</testsuite> <!-- Regression Test -->
