<?xml version="1.0" encoding="UTF-8"?>
<testng-results skipped="0" failed="0" ignored="1" total="2" passed="1">
  <reporter-output>
    <line>
      <![CDATA[Click on SignInLink[[ChromeDriver: chrome on WINDOWS (ac268f746c8f13ecca016a7ce58f9144)] -> xpath: //a[contains(text(),'Sign In')]]]]>
    </line>
    <line>
      <![CDATA[Enter emailtesting13@gail.com to email field [[ChromeDriver: chrome on WINDOWS (ac268f746c8f13ecca016a7ce58f9144)] -> id: user[email]]]]>
    </line>
    <line>
      <![CDATA[Enter passwordtest34 to password field [[ChromeDriver: chrome on WINDOWS (ac268f746c8f13ecca016a7ce58f9144)] -> name: user[password]]]]>
    </line>
    <line>
      <![CDATA[Click on Sign In Button[[ChromeDriver: chrome on WINDOWS (ac268f746c8f13ecca016a7ce58f9144)] -> xpath: //button[contains(text(),'Sign in')]]]]>
    </line>
    <line>
      <![CDATA[Get Error Message[[ChromeDriver: chrome on WINDOWS (ac268f746c8f13ecca016a7ce58f9144)] -> xpath: //li[contains(text(),'Invalid email or password.')]]]]>
    </line>
  </reporter-output>
  <suite name="Smoke   Suite" duration-ms="11013" started-at="2022-12-12T22:20:02 GMT" finished-at="2022-12-12T22:20:13 GMT">
    <groups>
      <group name="regression">
        <method signature="LoginPageTest.verifyTheErrorMessage()[pri:0, instance:com.ultimateqa.testsuite.LoginPageTest@2781e022]" name="verifyTheErrorMessage" class="com.ultimateqa.testsuite.LoginPageTest"/>
      </group> <!-- regression -->
      <group name="smoke">
        <method signature="LoginPageTest.verifyTheErrorMessage()[pri:0, instance:com.ultimateqa.testsuite.LoginPageTest@2781e022]" name="verifyTheErrorMessage" class="com.ultimateqa.testsuite.LoginPageTest"/>
      </group> <!-- smoke -->
    </groups>
    <test name="Smoke Test" duration-ms="11013" started-at="2022-12-12T22:20:02 GMT" finished-at="2022-12-12T22:20:13 GMT">
      <class name="com.ultimateqa.testsuite.LoginPageTest">
        <test-method status="PASS" signature="setUp()[pri:0, instance:com.ultimateqa.testsuite.LoginPageTest@2781e022]" name="setUp" is-config="true" duration-ms="6233" started-at="2022-12-12T22:20:03 GMT" finished-at="2022-12-12T22:20:09 GMT">
          <reporter-output>
          </reporter-output>
        </test-method> <!-- setUp -->
        <test-method status="PASS" signature="inIt()[pri:0, instance:com.ultimateqa.testsuite.LoginPageTest@2781e022]" name="inIt" is-config="true" duration-ms="45" started-at="2022-12-12T22:20:09 GMT" finished-at="2022-12-12T22:20:09 GMT">
          <reporter-output>
          </reporter-output>
        </test-method> <!-- inIt -->
        <test-method status="PASS" signature="verifyTheErrorMessage()[pri:0, instance:com.ultimateqa.testsuite.LoginPageTest@2781e022]" name="verifyTheErrorMessage" duration-ms="3520" started-at="2022-12-12T22:20:09 GMT" finished-at="2022-12-12T22:20:12 GMT">
          <reporter-output>
            <line>
              <![CDATA[Click on SignInLink[[ChromeDriver: chrome on WINDOWS (ac268f746c8f13ecca016a7ce58f9144)] -> xpath: //a[contains(text(),'Sign In')]]]]>
            </line>
            <line>
              <![CDATA[Enter emailtesting13@gail.com to email field [[ChromeDriver: chrome on WINDOWS (ac268f746c8f13ecca016a7ce58f9144)] -> id: user[email]]]]>
            </line>
            <line>
              <![CDATA[Enter passwordtest34 to password field [[ChromeDriver: chrome on WINDOWS (ac268f746c8f13ecca016a7ce58f9144)] -> name: user[password]]]]>
            </line>
            <line>
              <![CDATA[Click on Sign In Button[[ChromeDriver: chrome on WINDOWS (ac268f746c8f13ecca016a7ce58f9144)] -> xpath: //button[contains(text(),'Sign in')]]]]>
            </line>
            <line>
              <![CDATA[Get Error Message[[ChromeDriver: chrome on WINDOWS (ac268f746c8f13ecca016a7ce58f9144)] -> xpath: //li[contains(text(),'Invalid email or password.')]]]]>
            </line>
          </reporter-output>
        </test-method> <!-- verifyTheErrorMessage -->
        <test-method status="PASS" signature="tearDown()[pri:0, instance:com.ultimateqa.testsuite.LoginPageTest@2781e022]" name="tearDown" is-config="true" duration-ms="748" started-at="2022-12-12T22:20:12 GMT" finished-at="2022-12-12T22:20:13 GMT">
          <reporter-output>
          </reporter-output>
        </test-method> <!-- tearDown -->
      </class> <!-- com.ultimateqa.testsuite.LoginPageTest -->
    </test> <!-- Smoke Test -->
  </suite> <!-- Smoke   Suite -->
</testng-results>
